#-----------------------------------------------------------
# Vivado v2020.1 (64-bit)
# SW Build 2902540 on Wed May 27 19:54:49 MDT 2020
# IP Build 2902112 on Wed May 27 22:43:36 MDT 2020
# Start of session at: Fri Oct 16 10:06:44 2020
# Process ID: 20396
# Current directory: D:/OneDrive/Documentos/Universidad/LCSE/entregas/LCSE_PROJ
# Command line: vivado.exe -gui_launcher_event rodinguilauncherevent25348 D:\OneDrive\Documentos\Universidad\LCSE\entregas\LCSE_PROJ\LCSE_PROJ.xpr
# Log file: D:/OneDrive/Documentos/Universidad/LCSE/entregas/LCSE_PROJ/vivado.log
# Journal file: D:/OneDrive/Documentos/Universidad/LCSE/entregas/LCSE_PROJ\vivado.jou
#-----------------------------------------------------------
start_gui
open_project D:/OneDrive/Documentos/Universidad/LCSE/entregas/LCSE_PROJ/LCSE_PROJ.xpr
INFO: [Project 1-313] Project file moved from 'C:/Users/luisf/Documents/TELECO/MUIT/SEGUNDO/LCSE/LCSE_PROJ' since last save.
Scanning sources...
Finished scanning sources
INFO: [IP_Flow 19-234] Refreshing IP repositories
INFO: [IP_Flow 19-1704] No user IP repositories specified
INFO: [IP_Flow 19-2313] Loaded Vivado IP repository 'D:/Xilinx/Vivado/2020.1/data/ip'.
open_project: Time (s): cpu = 00:00:24 ; elapsed = 00:00:11 . Memory (MB): peak = 1026.027 ; gain = 0.000
update_compile_order -fileset sources_1
close_project
open_project D:/OneDrive/Documentos/Universidad/LCSE/LSCE_EXP/LSCE_EXP.xpr
Scanning sources...
Finished scanning sources
WARNING: [filemgmt 56-3] Default IP Output Path : Could not find the directory 'D:/OneDrive/Documentos/Universidad/LCSE/LSCE_EXP/LSCE_EXP.srcs/sources_1'.
INFO: [IP_Flow 19-234] Refreshing IP repositories
INFO: [IP_Flow 19-1704] No user IP repositories specified
INFO: [IP_Flow 19-2313] Loaded Vivado IP repository 'D:/Xilinx/Vivado/2020.1/data/ip'.
update_compile_order -fileset sources_1
add_files -norecurse D:/OneDrive/Documentos/Universidad/LCSE/LSCE_EXP/src/desing/LCSE_PKG.vhd
update_compile_order -fileset sources_1
add_files -norecurse D:/OneDrive/Documentos/Universidad/LCSE/LSCE_EXP/src/desing/MUX.vhd
update_compile_order -fileset sources_1
launch_simulation
Command: launch_simulation 
INFO: [Vivado 12-5682] Launching behavioral simulation in 'D:/OneDrive/Documentos/Universidad/LCSE/LSCE_EXP/LSCE_EXP.sim/sim_1/behav/xsim'
INFO: [SIM-utils-51] Simulation object is 'sim_1'
INFO: [SIM-utils-54] Inspecting design source files for 'tb_DMA2' in fileset 'sim_1'...
INFO: [USF-XSim-97] Finding global include files...
INFO: [USF-XSim-98] Fetching design files from 'sim_1'...
INFO: [USF-XSim-2] XSim::Compile design
INFO: [USF-XSim-61] Executing 'COMPILE and ANALYZE' step in 'D:/OneDrive/Documentos/Universidad/LCSE/LSCE_EXP/LSCE_EXP.sim/sim_1/behav/xsim'
"xvhdl --incr --relax -prj tb_DMA2_vhdl.prj"
INFO: [VRFC 10-163] Analyzing VHDL file "D:/OneDrive/Documentos/Universidad/LCSE/LSCE_EXP/src/desing/LCSE_PKG.vhd" into library xil_defaultlib
INFO: [VRFC 10-163] Analyzing VHDL file "D:/OneDrive/Documentos/Universidad/LCSE/LSCE_EXP/src/desing/DMA2.vhd" into library xil_defaultlib
INFO: [VRFC 10-3107] analyzing entity 'DMA2'
INFO: [VRFC 10-163] Analyzing VHDL file "D:/OneDrive/Documentos/Universidad/LCSE/LSCE_EXP/src/desing/MUX.vhd" into library xil_defaultlib
INFO: [VRFC 10-3107] analyzing entity 'MUX'
INFO: [VRFC 10-163] Analyzing VHDL file "D:/OneDrive/Documentos/Universidad/LCSE/LSCE_EXP/src/desing/RAM.vhd" into library xil_defaultlib
ERROR: [VRFC 10-2987] 'pic_pkg' is not compiled in library 'xil_defaultlib' [D:/OneDrive/Documentos/Universidad/LCSE/LSCE_EXP/src/desing/RAM.vhd:5]
INFO: [VRFC 10-3107] analyzing entity 'ram'
ERROR: [VRFC 10-3782] unit 'ram' ignored due to previous errors [D:/OneDrive/Documentos/Universidad/LCSE/LSCE_EXP/src/desing/RAM.vhd:7]
INFO: [VRFC 10-3070] VHDL file 'D:/OneDrive/Documentos/Universidad/LCSE/LSCE_EXP/src/desing/RAM.vhd' ignored due to errors
INFO: [USF-XSim-69] 'compile' step finished in '3' seconds
INFO: [USF-XSim-99] Step results log file:'D:/OneDrive/Documentos/Universidad/LCSE/LSCE_EXP/LSCE_EXP.sim/sim_1/behav/xsim/xvhdl.log'
ERROR: [USF-XSim-62] 'compile' step failed with error(s). Please check the Tcl console output or 'D:/OneDrive/Documentos/Universidad/LCSE/LSCE_EXP/LSCE_EXP.sim/sim_1/behav/xsim/xvhdl.log' file for more information.
ERROR: [Vivado 12-4473] Detected error while running simulation. Please correct the issue and retry this operation.
ERROR: [Common 17-39] 'launch_simulation' failed due to earlier errors.
launch_simulation
Command: launch_simulation 
INFO: [Vivado 12-5682] Launching behavioral simulation in 'D:/OneDrive/Documentos/Universidad/LCSE/LSCE_EXP/LSCE_EXP.sim/sim_1/behav/xsim'
INFO: [SIM-utils-51] Simulation object is 'sim_1'
INFO: [SIM-utils-54] Inspecting design source files for 'tb_DMA2' in fileset 'sim_1'...
INFO: [USF-XSim-97] Finding global include files...
INFO: [USF-XSim-98] Fetching design files from 'sim_1'...
INFO: [USF-XSim-2] XSim::Compile design
INFO: [USF-XSim-61] Executing 'COMPILE and ANALYZE' step in 'D:/OneDrive/Documentos/Universidad/LCSE/LSCE_EXP/LSCE_EXP.sim/sim_1/behav/xsim'
"xvhdl --incr --relax -prj tb_DMA2_vhdl.prj"
INFO: [VRFC 10-163] Analyzing VHDL file "D:/OneDrive/Documentos/Universidad/LCSE/LSCE_EXP/src/desing/LCSE_PKG.vhd" into library xil_defaultlib
INFO: [VRFC 10-163] Analyzing VHDL file "D:/OneDrive/Documentos/Universidad/LCSE/LSCE_EXP/src/desing/DMA2.vhd" into library xil_defaultlib
INFO: [VRFC 10-3107] analyzing entity 'DMA2'
INFO: [VRFC 10-163] Analyzing VHDL file "D:/OneDrive/Documentos/Universidad/LCSE/LSCE_EXP/src/desing/MUX.vhd" into library xil_defaultlib
INFO: [VRFC 10-3107] analyzing entity 'MUX'
INFO: [VRFC 10-163] Analyzing VHDL file "D:/OneDrive/Documentos/Universidad/LCSE/LSCE_EXP/src/desing/RAM.vhd" into library xil_defaultlib
ERROR: [VRFC 10-2987] 'pic_pkg' is not compiled in library 'xil_defaultlib' [D:/OneDrive/Documentos/Universidad/LCSE/LSCE_EXP/src/desing/RAM.vhd:5]
INFO: [VRFC 10-3107] analyzing entity 'ram'
ERROR: [VRFC 10-3782] unit 'ram' ignored due to previous errors [D:/OneDrive/Documentos/Universidad/LCSE/LSCE_EXP/src/desing/RAM.vhd:7]
INFO: [VRFC 10-3070] VHDL file 'D:/OneDrive/Documentos/Universidad/LCSE/LSCE_EXP/src/desing/RAM.vhd' ignored due to errors
INFO: [USF-XSim-69] 'compile' step finished in '1' seconds
INFO: [USF-XSim-99] Step results log file:'D:/OneDrive/Documentos/Universidad/LCSE/LSCE_EXP/LSCE_EXP.sim/sim_1/behav/xsim/xvhdl.log'
ERROR: [USF-XSim-62] 'compile' step failed with error(s). Please check the Tcl console output or 'D:/OneDrive/Documentos/Universidad/LCSE/LSCE_EXP/LSCE_EXP.sim/sim_1/behav/xsim/xvhdl.log' file for more information.
ERROR: [Vivado 12-4473] Detected error while running simulation. Please correct the issue and retry this operation.
ERROR: [Common 17-39] 'launch_simulation' failed due to earlier errors.
launch_simulation
Command: launch_simulation 
INFO: [Vivado 12-5682] Launching behavioral simulation in 'D:/OneDrive/Documentos/Universidad/LCSE/LSCE_EXP/LSCE_EXP.sim/sim_1/behav/xsim'
INFO: [SIM-utils-51] Simulation object is 'sim_1'
INFO: [SIM-utils-54] Inspecting design source files for 'tb_DMA2' in fileset 'sim_1'...
INFO: [USF-XSim-97] Finding global include files...
INFO: [USF-XSim-98] Fetching design files from 'sim_1'...
INFO: [USF-XSim-2] XSim::Compile design
INFO: [USF-XSim-61] Executing 'COMPILE and ANALYZE' step in 'D:/OneDrive/Documentos/Universidad/LCSE/LSCE_EXP/LSCE_EXP.sim/sim_1/behav/xsim'
"xvhdl --incr --relax -prj tb_DMA2_vhdl.prj"
INFO: [VRFC 10-163] Analyzing VHDL file "D:/OneDrive/Documentos/Universidad/LCSE/LSCE_EXP/src/desing/LCSE_PKG.vhd" into library xil_defaultlib
INFO: [VRFC 10-163] Analyzing VHDL file "D:/OneDrive/Documentos/Universidad/LCSE/LSCE_EXP/src/desing/DMA2.vhd" into library xil_defaultlib
INFO: [VRFC 10-3107] analyzing entity 'DMA2'
INFO: [VRFC 10-163] Analyzing VHDL file "D:/OneDrive/Documentos/Universidad/LCSE/LSCE_EXP/src/desing/MUX.vhd" into library xil_defaultlib
INFO: [VRFC 10-3107] analyzing entity 'MUX'
INFO: [VRFC 10-163] Analyzing VHDL file "D:/OneDrive/Documentos/Universidad/LCSE/LSCE_EXP/src/desing/RAM.vhd" into library xil_defaultlib
INFO: [VRFC 10-3107] analyzing entity 'ram'
INFO: [VRFC 10-163] Analyzing VHDL file "D:/OneDrive/Documentos/Universidad/LCSE/LSCE_EXP/src/sim/dma_tb.vhd" into library xil_defaultlib
INFO: [VRFC 10-3107] analyzing entity 'tb_DMA2'
INFO: [USF-XSim-69] 'compile' step finished in '2' seconds
INFO: [USF-XSim-3] XSim::Elaborate design
INFO: [USF-XSim-61] Executing 'ELABORATE' step in 'D:/OneDrive/Documentos/Universidad/LCSE/LSCE_EXP/LSCE_EXP.sim/sim_1/behav/xsim'
"xelab -wto 6653a2e3d4c74425874ee74ab689e1db --incr --debug typical --relax --mt 2 -L xil_defaultlib -L secureip --snapshot tb_DMA2_behav xil_defaultlib.tb_DMA2 -log elaborate.log"
Vivado Simulator 2020.1
Copyright 1986-1999, 2001-2020 Xilinx, Inc. All Rights Reserved.
Running: D:/Xilinx/Vivado/2020.1/bin/unwrapped/win64.o/xelab.exe -wto 6653a2e3d4c74425874ee74ab689e1db --incr --debug typical --relax --mt 2 -L xil_defaultlib -L secureip --snapshot tb_DMA2_behav xil_defaultlib.tb_DMA2 -log elaborate.log 
Using 2 slave threads.
Starting static elaboration
Completed static elaboration
Starting simulation data flow analysis
Completed simulation data flow analysis
Time Resolution for simulation is 1ps
Compiling package std.standard
Compiling package std.textio
Compiling package ieee.std_logic_1164
Compiling package ieee.numeric_std
Compiling package xil_defaultlib.lcse_pkg
Compiling package ieee.std_logic_arith
Compiling package ieee.std_logic_unsigned
Compiling architecture behavioral of entity xil_defaultlib.DMA2 [dma2_default]
Compiling architecture behavioral of entity xil_defaultlib.MUX [mux_default]
Compiling architecture behavior of entity xil_defaultlib.ram [ram_default]
Compiling architecture tb of entity xil_defaultlib.tb_dma2
Built simulation snapshot tb_DMA2_behav

****** Webtalk v2020.1 (64-bit)
  **** SW Build 2902540 on Wed May 27 19:54:49 MDT 2020
  **** IP Build 2902112 on Wed May 27 22:43:36 MDT 2020
    ** Copyright 1986-2020 Xilinx, Inc. All Rights Reserved.

source D:/OneDrive/Documentos/Universidad/LCSE/LSCE_EXP/LSCE_EXP.sim/sim_1/behav/xsim/xsim.dir/tb_DMA2_behav/webtalk/xsim_webtalk.tcl -notrace
INFO: [Common 17-186] 'D:/OneDrive/Documentos/Universidad/LCSE/LSCE_EXP/LSCE_EXP.sim/sim_1/behav/xsim/xsim.dir/tb_DMA2_behav/webtalk/usage_statistics_ext_xsim.xml' has been successfully sent to Xilinx on Fri Oct 16 10:16:18 2020. For additional details about this file, please refer to the WebTalk help file at D:/Xilinx/Vivado/2020.1/doc/webtalk_introduction.html.
INFO: [Common 17-206] Exiting Webtalk at Fri Oct 16 10:16:18 2020...
run_program: Time (s): cpu = 00:00:00 ; elapsed = 00:00:13 . Memory (MB): peak = 1026.027 ; gain = 0.000
INFO: [USF-XSim-69] 'elaborate' step finished in '13' seconds
INFO: [USF-XSim-4] XSim::Simulate design
INFO: [USF-XSim-61] Executing 'SIMULATE' step in 'D:/OneDrive/Documentos/Universidad/LCSE/LSCE_EXP/LSCE_EXP.sim/sim_1/behav/xsim'
INFO: [USF-XSim-98] *** Running xsim
   with args "tb_DMA2_behav -key {Behavioral:sim_1:Functional:tb_DMA2} -tclbatch {tb_DMA2.tcl} -view {D:/OneDrive/Documentos/Universidad/LCSE/LSCE_EXP/src/sim/tb_DMA2_behav.wcfg} -log {simulate.log}"
INFO: [USF-XSim-8] Loading simulator feature
Vivado Simulator 2020.1
Time resolution is 1 ps
open_wave_config D:/OneDrive/Documentos/Universidad/LCSE/LSCE_EXP/src/sim/tb_DMA2_behav.wcfg
source tb_DMA2.tcl
# set curr_wave [current_wave_config]
# if { [string length $curr_wave] == 0 } {
#   if { [llength [get_objects]] > 0} {
#     add_wave /
#     set_property needs_save false [current_wave_config]
#   } else {
#      send_msg_id Add_Wave-1 WARNING "No top level signals found. Simulator will start without a wave window. If you want to open a wave window go to 'File->New Waveform Configuration' or type 'create_wave_config' in the TCL console."
#   }
# }
# run 1000ns
xsim: Time (s): cpu = 00:00:08 ; elapsed = 00:00:06 . Memory (MB): peak = 1026.027 ; gain = 0.000
INFO: [USF-XSim-96] XSim completed. Design snapshot 'tb_DMA2_behav' loaded.
INFO: [USF-XSim-97] XSim simulation ran for 1000ns
launch_simulation: Time (s): cpu = 00:00:09 ; elapsed = 00:00:21 . Memory (MB): peak = 1026.027 ; gain = 0.000
relaunch_sim
suspend_sim: Time (s): cpu = 00:00:00 ; elapsed = 00:00:07 . Memory (MB): peak = 1026.027 ; gain = 0.000
Command: launch_simulation -simset sim_1 -mode behavioral
INFO: [Vivado 12-5682] Launching behavioral simulation in 'D:/OneDrive/Documentos/Universidad/LCSE/LSCE_EXP/LSCE_EXP.sim/sim_1/behav/xsim'
INFO: [SIM-utils-51] Simulation object is 'sim_1'
INFO: [SIM-utils-54] Inspecting design source files for 'tb_DMA2' in fileset 'sim_1'...
INFO: [USF-XSim-97] Finding global include files...
INFO: [USF-XSim-98] Fetching design files from 'sim_1'...
INFO: [USF-XSim-2] XSim::Compile design
INFO: [USF-XSim-61] Executing 'COMPILE and ANALYZE' step in 'D:/OneDrive/Documentos/Universidad/LCSE/LSCE_EXP/LSCE_EXP.sim/sim_1/behav/xsim'
"xvhdl --incr --relax -prj tb_DMA2_vhdl.prj"
INFO: [VRFC 10-163] Analyzing VHDL file "D:/OneDrive/Documentos/Universidad/LCSE/LSCE_EXP/src/sim/dma_tb.vhd" into library xil_defaultlib
INFO: [VRFC 10-3107] analyzing entity 'tb_DMA2'
INFO: [USF-XSim-69] 'compile' step finished in '2' seconds
Command: launch_simulation -simset sim_1 -mode behavioral
INFO: [Vivado 12-5682] Launching behavioral simulation in 'D:/OneDrive/Documentos/Universidad/LCSE/LSCE_EXP/LSCE_EXP.sim/sim_1/behav/xsim'
INFO: [USF-XSim-3] XSim::Elaborate design
INFO: [USF-XSim-61] Executing 'ELABORATE' step in 'D:/OneDrive/Documentos/Universidad/LCSE/LSCE_EXP/LSCE_EXP.sim/sim_1/behav/xsim'
"xelab -wto 6653a2e3d4c74425874ee74ab689e1db --incr --debug typical --relax --mt 2 -L xil_defaultlib -L secureip --snapshot tb_DMA2_behav xil_defaultlib.tb_DMA2 -log elaborate.log"
Vivado Simulator 2020.1
Copyright 1986-1999, 2001-2020 Xilinx, Inc. All Rights Reserved.
Running: D:/Xilinx/Vivado/2020.1/bin/unwrapped/win64.o/xelab.exe -wto 6653a2e3d4c74425874ee74ab689e1db --incr --debug typical --relax --mt 2 -L xil_defaultlib -L secureip --snapshot tb_DMA2_behav xil_defaultlib.tb_DMA2 -log elaborate.log 
Using 2 slave threads.
Starting static elaboration
Completed static elaboration
Starting simulation data flow analysis
Completed simulation data flow analysis
Time Resolution for simulation is 1ps
Compiling package std.standard
Compiling package std.textio
Compiling package ieee.std_logic_1164
Compiling package ieee.numeric_std
Compiling package xil_defaultlib.lcse_pkg
Compiling package ieee.std_logic_arith
Compiling package ieee.std_logic_unsigned
Compiling architecture behavioral of entity xil_defaultlib.DMA2 [dma2_default]
Compiling architecture behavioral of entity xil_defaultlib.MUX [mux_default]
Compiling architecture behavior of entity xil_defaultlib.ram [ram_default]
Compiling architecture tb of entity xil_defaultlib.tb_dma2
Built simulation snapshot tb_DMA2_behav
INFO: [USF-XSim-69] 'elaborate' step finished in '3' seconds
Vivado Simulator 2020.1
Time resolution is 1 ps
relaunch_sim: Time (s): cpu = 00:00:01 ; elapsed = 00:00:13 . Memory (MB): peak = 1026.027 ; gain = 0.000
restart
INFO: [Simtcl 6-17] Simulation restarted
run all
restart
INFO: [Simtcl 6-17] Simulation restarted
run 300 ns
run 300 ns
run 300 ns
relaunch_sim
Command: launch_simulation -simset sim_1 -mode behavioral
INFO: [Vivado 12-5682] Launching behavioral simulation in 'D:/OneDrive/Documentos/Universidad/LCSE/LSCE_EXP/LSCE_EXP.sim/sim_1/behav/xsim'
INFO: [SIM-utils-51] Simulation object is 'sim_1'
INFO: [SIM-utils-54] Inspecting design source files for 'tb_DMA2' in fileset 'sim_1'...
INFO: [USF-XSim-97] Finding global include files...
INFO: [USF-XSim-98] Fetching design files from 'sim_1'...
INFO: [USF-XSim-2] XSim::Compile design
INFO: [USF-XSim-61] Executing 'COMPILE and ANALYZE' step in 'D:/OneDrive/Documentos/Universidad/LCSE/LSCE_EXP/LSCE_EXP.sim/sim_1/behav/xsim'
"xvhdl --incr --relax -prj tb_DMA2_vhdl.prj"
INFO: [VRFC 10-163] Analyzing VHDL file "D:/OneDrive/Documentos/Universidad/LCSE/LSCE_EXP/src/desing/DMA2.vhd" into library xil_defaultlib
INFO: [VRFC 10-3107] analyzing entity 'DMA2'
INFO: [USF-XSim-69] 'compile' step finished in '2' seconds
Command: launch_simulation -simset sim_1 -mode behavioral
INFO: [Vivado 12-5682] Launching behavioral simulation in 'D:/OneDrive/Documentos/Universidad/LCSE/LSCE_EXP/LSCE_EXP.sim/sim_1/behav/xsim'
INFO: [USF-XSim-3] XSim::Elaborate design
INFO: [USF-XSim-61] Executing 'ELABORATE' step in 'D:/OneDrive/Documentos/Universidad/LCSE/LSCE_EXP/LSCE_EXP.sim/sim_1/behav/xsim'
"xelab -wto 6653a2e3d4c74425874ee74ab689e1db --incr --debug typical --relax --mt 2 -L xil_defaultlib -L secureip --snapshot tb_DMA2_behav xil_defaultlib.tb_DMA2 -log elaborate.log"
Vivado Simulator 2020.1
Copyright 1986-1999, 2001-2020 Xilinx, Inc. All Rights Reserved.
Running: D:/Xilinx/Vivado/2020.1/bin/unwrapped/win64.o/xelab.exe -wto 6653a2e3d4c74425874ee74ab689e1db --incr --debug typical --relax --mt 2 -L xil_defaultlib -L secureip --snapshot tb_DMA2_behav xil_defaultlib.tb_DMA2 -log elaborate.log 
Using 2 slave threads.
Starting static elaboration
Completed static elaboration
Starting simulation data flow analysis
Completed simulation data flow analysis
Time Resolution for simulation is 1ps
Compiling package std.standard
Compiling package std.textio
Compiling package ieee.std_logic_1164
Compiling package ieee.numeric_std
Compiling package xil_defaultlib.lcse_pkg
Compiling package ieee.std_logic_arith
Compiling package ieee.std_logic_unsigned
Compiling architecture behavioral of entity xil_defaultlib.DMA2 [dma2_default]
Compiling architecture behavioral of entity xil_defaultlib.MUX [mux_default]
Compiling architecture behavior of entity xil_defaultlib.ram [ram_default]
Compiling architecture tb of entity xil_defaultlib.tb_dma2
Built simulation snapshot tb_DMA2_behav
INFO: [USF-XSim-69] 'elaborate' step finished in '3' seconds
Vivado Simulator 2020.1
Time resolution is 1 ps
relaunch_sim: Time (s): cpu = 00:00:02 ; elapsed = 00:00:09 . Memory (MB): peak = 1035.066 ; gain = 0.000
relaunch_sim
Command: launch_simulation -simset sim_1 -mode behavioral
INFO: [Vivado 12-5682] Launching behavioral simulation in 'D:/OneDrive/Documentos/Universidad/LCSE/LSCE_EXP/LSCE_EXP.sim/sim_1/behav/xsim'
INFO: [SIM-utils-51] Simulation object is 'sim_1'
INFO: [SIM-utils-54] Inspecting design source files for 'tb_DMA2' in fileset 'sim_1'...
INFO: [USF-XSim-97] Finding global include files...
INFO: [USF-XSim-98] Fetching design files from 'sim_1'...
INFO: [USF-XSim-2] XSim::Compile design
INFO: [USF-XSim-61] Executing 'COMPILE and ANALYZE' step in 'D:/OneDrive/Documentos/Universidad/LCSE/LSCE_EXP/LSCE_EXP.sim/sim_1/behav/xsim'
"xvhdl --incr --relax -prj tb_DMA2_vhdl.prj"
INFO: [VRFC 10-163] Analyzing VHDL file "D:/OneDrive/Documentos/Universidad/LCSE/LSCE_EXP/src/desing/RAM.vhd" into library xil_defaultlib
INFO: [VRFC 10-3107] analyzing entity 'ram'
INFO: [USF-XSim-69] 'compile' step finished in '1' seconds
Command: launch_simulation -simset sim_1 -mode behavioral
INFO: [Vivado 12-5682] Launching behavioral simulation in 'D:/OneDrive/Documentos/Universidad/LCSE/LSCE_EXP/LSCE_EXP.sim/sim_1/behav/xsim'
INFO: [USF-XSim-3] XSim::Elaborate design
INFO: [USF-XSim-61] Executing 'ELABORATE' step in 'D:/OneDrive/Documentos/Universidad/LCSE/LSCE_EXP/LSCE_EXP.sim/sim_1/behav/xsim'
"xelab -wto 6653a2e3d4c74425874ee74ab689e1db --incr --debug typical --relax --mt 2 -L xil_defaultlib -L secureip --snapshot tb_DMA2_behav xil_defaultlib.tb_DMA2 -log elaborate.log"
Vivado Simulator 2020.1
Copyright 1986-1999, 2001-2020 Xilinx, Inc. All Rights Reserved.
Running: D:/Xilinx/Vivado/2020.1/bin/unwrapped/win64.o/xelab.exe -wto 6653a2e3d4c74425874ee74ab689e1db --incr --debug typical --relax --mt 2 -L xil_defaultlib -L secureip --snapshot tb_DMA2_behav xil_defaultlib.tb_DMA2 -log elaborate.log 
Using 2 slave threads.
Starting static elaboration
Completed static elaboration
Starting simulation data flow analysis
Completed simulation data flow analysis
Time Resolution for simulation is 1ps
Compiling package std.standard
Compiling package std.textio
Compiling package ieee.std_logic_1164
Compiling package ieee.numeric_std
Compiling package xil_defaultlib.lcse_pkg
Compiling package ieee.std_logic_arith
Compiling package ieee.std_logic_unsigned
Compiling architecture behavioral of entity xil_defaultlib.DMA2 [dma2_default]
Compiling architecture behavioral of entity xil_defaultlib.MUX [mux_default]
Compiling architecture behavior of entity xil_defaultlib.ram [ram_default]
Compiling architecture tb of entity xil_defaultlib.tb_dma2
Built simulation snapshot tb_DMA2_behav
INFO: [USF-XSim-69] 'elaborate' step finished in '3' seconds
Vivado Simulator 2020.1
Time resolution is 1 ps
relaunch_sim: Time (s): cpu = 00:00:01 ; elapsed = 00:00:08 . Memory (MB): peak = 1035.066 ; gain = 0.000
relaunch_sim
Command: launch_simulation -simset sim_1 -mode behavioral
INFO: [Vivado 12-5682] Launching behavioral simulation in 'D:/OneDrive/Documentos/Universidad/LCSE/LSCE_EXP/LSCE_EXP.sim/sim_1/behav/xsim'
INFO: [SIM-utils-51] Simulation object is 'sim_1'
INFO: [SIM-utils-54] Inspecting design source files for 'tb_DMA2' in fileset 'sim_1'...
INFO: [USF-XSim-97] Finding global include files...
INFO: [USF-XSim-98] Fetching design files from 'sim_1'...
INFO: [USF-XSim-2] XSim::Compile design
INFO: [USF-XSim-61] Executing 'COMPILE and ANALYZE' step in 'D:/OneDrive/Documentos/Universidad/LCSE/LSCE_EXP/LSCE_EXP.sim/sim_1/behav/xsim'
"xvhdl --incr --relax -prj tb_DMA2_vhdl.prj"
INFO: [VRFC 10-163] Analyzing VHDL file "D:/OneDrive/Documentos/Universidad/LCSE/LSCE_EXP/src/desing/RAM.vhd" into library xil_defaultlib
INFO: [VRFC 10-3107] analyzing entity 'ram'
INFO: [USF-XSim-69] 'compile' step finished in '1' seconds
Command: launch_simulation -simset sim_1 -mode behavioral
INFO: [Vivado 12-5682] Launching behavioral simulation in 'D:/OneDrive/Documentos/Universidad/LCSE/LSCE_EXP/LSCE_EXP.sim/sim_1/behav/xsim'
INFO: [USF-XSim-3] XSim::Elaborate design
INFO: [USF-XSim-61] Executing 'ELABORATE' step in 'D:/OneDrive/Documentos/Universidad/LCSE/LSCE_EXP/LSCE_EXP.sim/sim_1/behav/xsim'
"xelab -wto 6653a2e3d4c74425874ee74ab689e1db --incr --debug typical --relax --mt 2 -L xil_defaultlib -L secureip --snapshot tb_DMA2_behav xil_defaultlib.tb_DMA2 -log elaborate.log"
Vivado Simulator 2020.1
Copyright 1986-1999, 2001-2020 Xilinx, Inc. All Rights Reserved.
Running: D:/Xilinx/Vivado/2020.1/bin/unwrapped/win64.o/xelab.exe -wto 6653a2e3d4c74425874ee74ab689e1db --incr --debug typical --relax --mt 2 -L xil_defaultlib -L secureip --snapshot tb_DMA2_behav xil_defaultlib.tb_DMA2 -log elaborate.log 
Using 2 slave threads.
Starting static elaboration
Completed static elaboration
Starting simulation data flow analysis
Completed simulation data flow analysis
Time Resolution for simulation is 1ps
Compiling package std.standard
Compiling package std.textio
Compiling package ieee.std_logic_1164
Compiling package ieee.numeric_std
Compiling package xil_defaultlib.lcse_pkg
Compiling package ieee.std_logic_arith
Compiling package ieee.std_logic_unsigned
Compiling architecture behavioral of entity xil_defaultlib.DMA2 [dma2_default]
Compiling architecture behavioral of entity xil_defaultlib.MUX [mux_default]
Compiling architecture behavior of entity xil_defaultlib.ram [ram_default]
Compiling architecture tb of entity xil_defaultlib.tb_dma2
Built simulation snapshot tb_DMA2_behav
INFO: [USF-XSim-69] 'elaborate' step finished in '2' seconds
Vivado Simulator 2020.1
Time resolution is 1 ps
relaunch_sim: Time (s): cpu = 00:00:01 ; elapsed = 00:00:08 . Memory (MB): peak = 1035.066 ; gain = 0.000
relaunch_sim
Command: launch_simulation -simset sim_1 -mode behavioral
INFO: [Vivado 12-5682] Launching behavioral simulation in 'D:/OneDrive/Documentos/Universidad/LCSE/LSCE_EXP/LSCE_EXP.sim/sim_1/behav/xsim'
INFO: [SIM-utils-51] Simulation object is 'sim_1'
INFO: [SIM-utils-54] Inspecting design source files for 'tb_DMA2' in fileset 'sim_1'...
INFO: [USF-XSim-97] Finding global include files...
INFO: [USF-XSim-98] Fetching design files from 'sim_1'...
INFO: [USF-XSim-2] XSim::Compile design
INFO: [USF-XSim-61] Executing 'COMPILE and ANALYZE' step in 'D:/OneDrive/Documentos/Universidad/LCSE/LSCE_EXP/LSCE_EXP.sim/sim_1/behav/xsim'
"xvhdl --incr --relax -prj tb_DMA2_vhdl.prj"
INFO: [VRFC 10-163] Analyzing VHDL file "D:/OneDrive/Documentos/Universidad/LCSE/LSCE_EXP/src/desing/DMA2.vhd" into library xil_defaultlib
INFO: [VRFC 10-3107] analyzing entity 'DMA2'
INFO: [USF-XSim-69] 'compile' step finished in '2' seconds
Command: launch_simulation -simset sim_1 -mode behavioral
INFO: [Vivado 12-5682] Launching behavioral simulation in 'D:/OneDrive/Documentos/Universidad/LCSE/LSCE_EXP/LSCE_EXP.sim/sim_1/behav/xsim'
INFO: [USF-XSim-3] XSim::Elaborate design
INFO: [USF-XSim-61] Executing 'ELABORATE' step in 'D:/OneDrive/Documentos/Universidad/LCSE/LSCE_EXP/LSCE_EXP.sim/sim_1/behav/xsim'
"xelab -wto 6653a2e3d4c74425874ee74ab689e1db --incr --debug typical --relax --mt 2 -L xil_defaultlib -L secureip --snapshot tb_DMA2_behav xil_defaultlib.tb_DMA2 -log elaborate.log"
Vivado Simulator 2020.1
Copyright 1986-1999, 2001-2020 Xilinx, Inc. All Rights Reserved.
Running: D:/Xilinx/Vivado/2020.1/bin/unwrapped/win64.o/xelab.exe -wto 6653a2e3d4c74425874ee74ab689e1db --incr --debug typical --relax --mt 2 -L xil_defaultlib -L secureip --snapshot tb_DMA2_behav xil_defaultlib.tb_DMA2 -log elaborate.log 
Using 2 slave threads.
Starting static elaboration
Completed static elaboration
Starting simulation data flow analysis
Completed simulation data flow analysis
Time Resolution for simulation is 1ps
Compiling package std.standard
Compiling package std.textio
Compiling package ieee.std_logic_1164
Compiling package ieee.numeric_std
Compiling package xil_defaultlib.lcse_pkg
Compiling package ieee.std_logic_arith
Compiling package ieee.std_logic_unsigned
Compiling architecture behavioral of entity xil_defaultlib.DMA2 [dma2_default]
Compiling architecture behavioral of entity xil_defaultlib.MUX [mux_default]
Compiling architecture behavior of entity xil_defaultlib.ram [ram_default]
Compiling architecture tb of entity xil_defaultlib.tb_dma2
Built simulation snapshot tb_DMA2_behav
INFO: [USF-XSim-69] 'elaborate' step finished in '3' seconds
Vivado Simulator 2020.1
Time resolution is 1 ps
relaunch_sim: Time (s): cpu = 00:00:00 ; elapsed = 00:00:08 . Memory (MB): peak = 1035.066 ; gain = 0.000
relaunch_sim
Command: launch_simulation -simset sim_1 -mode behavioral
INFO: [Vivado 12-5682] Launching behavioral simulation in 'D:/OneDrive/Documentos/Universidad/LCSE/LSCE_EXP/LSCE_EXP.sim/sim_1/behav/xsim'
INFO: [SIM-utils-51] Simulation object is 'sim_1'
INFO: [SIM-utils-54] Inspecting design source files for 'tb_DMA2' in fileset 'sim_1'...
INFO: [USF-XSim-97] Finding global include files...
INFO: [USF-XSim-98] Fetching design files from 'sim_1'...
INFO: [USF-XSim-2] XSim::Compile design
INFO: [USF-XSim-61] Executing 'COMPILE and ANALYZE' step in 'D:/OneDrive/Documentos/Universidad/LCSE/LSCE_EXP/LSCE_EXP.sim/sim_1/behav/xsim'
"xvhdl --incr --relax -prj tb_DMA2_vhdl.prj"
INFO: [VRFC 10-163] Analyzing VHDL file "D:/OneDrive/Documentos/Universidad/LCSE/LSCE_EXP/src/desing/DMA2.vhd" into library xil_defaultlib
INFO: [VRFC 10-3107] analyzing entity 'DMA2'
INFO: [USF-XSim-69] 'compile' step finished in '1' seconds
Command: launch_simulation -simset sim_1 -mode behavioral
INFO: [Vivado 12-5682] Launching behavioral simulation in 'D:/OneDrive/Documentos/Universidad/LCSE/LSCE_EXP/LSCE_EXP.sim/sim_1/behav/xsim'
INFO: [USF-XSim-3] XSim::Elaborate design
INFO: [USF-XSim-61] Executing 'ELABORATE' step in 'D:/OneDrive/Documentos/Universidad/LCSE/LSCE_EXP/LSCE_EXP.sim/sim_1/behav/xsim'
"xelab -wto 6653a2e3d4c74425874ee74ab689e1db --incr --debug typical --relax --mt 2 -L xil_defaultlib -L secureip --snapshot tb_DMA2_behav xil_defaultlib.tb_DMA2 -log elaborate.log"
Vivado Simulator 2020.1
Copyright 1986-1999, 2001-2020 Xilinx, Inc. All Rights Reserved.
Running: D:/Xilinx/Vivado/2020.1/bin/unwrapped/win64.o/xelab.exe -wto 6653a2e3d4c74425874ee74ab689e1db --incr --debug typical --relax --mt 2 -L xil_defaultlib -L secureip --snapshot tb_DMA2_behav xil_defaultlib.tb_DMA2 -log elaborate.log 
Using 2 slave threads.
Starting static elaboration
Completed static elaboration
Starting simulation data flow analysis
Completed simulation data flow analysis
Time Resolution for simulation is 1ps
Compiling package std.standard
Compiling package std.textio
Compiling package ieee.std_logic_1164
Compiling package ieee.numeric_std
Compiling package xil_defaultlib.lcse_pkg
Compiling package ieee.std_logic_arith
Compiling package ieee.std_logic_unsigned
Compiling architecture behavioral of entity xil_defaultlib.DMA2 [dma2_default]
Compiling architecture behavioral of entity xil_defaultlib.MUX [mux_default]
Compiling architecture behavior of entity xil_defaultlib.ram [ram_default]
Compiling architecture tb of entity xil_defaultlib.tb_dma2
Built simulation snapshot tb_DMA2_behav
INFO: [USF-XSim-69] 'elaborate' step finished in '3' seconds
Vivado Simulator 2020.1
Time resolution is 1 ps
relaunch_sim: Time (s): cpu = 00:00:01 ; elapsed = 00:00:08 . Memory (MB): peak = 1035.066 ; gain = 0.000
relaunch_sim
Command: launch_simulation -simset sim_1 -mode behavioral
INFO: [Vivado 12-5682] Launching behavioral simulation in 'D:/OneDrive/Documentos/Universidad/LCSE/LSCE_EXP/LSCE_EXP.sim/sim_1/behav/xsim'
INFO: [SIM-utils-51] Simulation object is 'sim_1'
INFO: [SIM-utils-54] Inspecting design source files for 'tb_DMA2' in fileset 'sim_1'...
INFO: [USF-XSim-97] Finding global include files...
INFO: [USF-XSim-98] Fetching design files from 'sim_1'...
INFO: [USF-XSim-2] XSim::Compile design
INFO: [USF-XSim-61] Executing 'COMPILE and ANALYZE' step in 'D:/OneDrive/Documentos/Universidad/LCSE/LSCE_EXP/LSCE_EXP.sim/sim_1/behav/xsim'
"xvhdl --incr --relax -prj tb_DMA2_vhdl.prj"
INFO: [VRFC 10-163] Analyzing VHDL file "D:/OneDrive/Documentos/Universidad/LCSE/LSCE_EXP/src/desing/RAM.vhd" into library xil_defaultlib
INFO: [VRFC 10-3107] analyzing entity 'ram'
INFO: [USF-XSim-69] 'compile' step finished in '2' seconds
Command: launch_simulation -simset sim_1 -mode behavioral
INFO: [Vivado 12-5682] Launching behavioral simulation in 'D:/OneDrive/Documentos/Universidad/LCSE/LSCE_EXP/LSCE_EXP.sim/sim_1/behav/xsim'
INFO: [USF-XSim-3] XSim::Elaborate design
INFO: [USF-XSim-61] Executing 'ELABORATE' step in 'D:/OneDrive/Documentos/Universidad/LCSE/LSCE_EXP/LSCE_EXP.sim/sim_1/behav/xsim'
"xelab -wto 6653a2e3d4c74425874ee74ab689e1db --incr --debug typical --relax --mt 2 -L xil_defaultlib -L secureip --snapshot tb_DMA2_behav xil_defaultlib.tb_DMA2 -log elaborate.log"
Vivado Simulator 2020.1
Copyright 1986-1999, 2001-2020 Xilinx, Inc. All Rights Reserved.
Running: D:/Xilinx/Vivado/2020.1/bin/unwrapped/win64.o/xelab.exe -wto 6653a2e3d4c74425874ee74ab689e1db --incr --debug typical --relax --mt 2 -L xil_defaultlib -L secureip --snapshot tb_DMA2_behav xil_defaultlib.tb_DMA2 -log elaborate.log 
Using 2 slave threads.
Starting static elaboration
Completed static elaboration
Starting simulation data flow analysis
Completed simulation data flow analysis
Time Resolution for simulation is 1ps
Compiling package std.standard
Compiling package std.textio
Compiling package ieee.std_logic_1164
Compiling package ieee.numeric_std
Compiling package xil_defaultlib.lcse_pkg
Compiling package ieee.std_logic_arith
Compiling package ieee.std_logic_unsigned
Compiling architecture behavioral of entity xil_defaultlib.DMA2 [dma2_default]
Compiling architecture behavioral of entity xil_defaultlib.MUX [mux_default]
Compiling architecture behavior of entity xil_defaultlib.ram [ram_default]
Compiling architecture tb of entity xil_defaultlib.tb_dma2
Built simulation snapshot tb_DMA2_behav
INFO: [USF-XSim-69] 'elaborate' step finished in '2' seconds
Vivado Simulator 2020.1
Time resolution is 1 ps
relaunch_sim: Time (s): cpu = 00:00:01 ; elapsed = 00:00:08 . Memory (MB): peak = 1035.066 ; gain = 0.000
relaunch_sim
Command: launch_simulation -simset sim_1 -mode behavioral
INFO: [Vivado 12-5682] Launching behavioral simulation in 'D:/OneDrive/Documentos/Universidad/LCSE/LSCE_EXP/LSCE_EXP.sim/sim_1/behav/xsim'
INFO: [SIM-utils-51] Simulation object is 'sim_1'
INFO: [SIM-utils-54] Inspecting design source files for 'tb_DMA2' in fileset 'sim_1'...
INFO: [USF-XSim-97] Finding global include files...
INFO: [USF-XSim-98] Fetching design files from 'sim_1'...
INFO: [USF-XSim-2] XSim::Compile design
INFO: [USF-XSim-61] Executing 'COMPILE and ANALYZE' step in 'D:/OneDrive/Documentos/Universidad/LCSE/LSCE_EXP/LSCE_EXP.sim/sim_1/behav/xsim'
"xvhdl --incr --relax -prj tb_DMA2_vhdl.prj"
INFO: [VRFC 10-163] Analyzing VHDL file "D:/OneDrive/Documentos/Universidad/LCSE/LSCE_EXP/src/desing/RAM.vhd" into library xil_defaultlib
INFO: [VRFC 10-3107] analyzing entity 'ram'
INFO: [USF-XSim-69] 'compile' step finished in '2' seconds
Command: launch_simulation -simset sim_1 -mode behavioral
INFO: [Vivado 12-5682] Launching behavioral simulation in 'D:/OneDrive/Documentos/Universidad/LCSE/LSCE_EXP/LSCE_EXP.sim/sim_1/behav/xsim'
INFO: [USF-XSim-3] XSim::Elaborate design
INFO: [USF-XSim-61] Executing 'ELABORATE' step in 'D:/OneDrive/Documentos/Universidad/LCSE/LSCE_EXP/LSCE_EXP.sim/sim_1/behav/xsim'
"xelab -wto 6653a2e3d4c74425874ee74ab689e1db --incr --debug typical --relax --mt 2 -L xil_defaultlib -L secureip --snapshot tb_DMA2_behav xil_defaultlib.tb_DMA2 -log elaborate.log"
Vivado Simulator 2020.1
Copyright 1986-1999, 2001-2020 Xilinx, Inc. All Rights Reserved.
Running: D:/Xilinx/Vivado/2020.1/bin/unwrapped/win64.o/xelab.exe -wto 6653a2e3d4c74425874ee74ab689e1db --incr --debug typical --relax --mt 2 -L xil_defaultlib -L secureip --snapshot tb_DMA2_behav xil_defaultlib.tb_DMA2 -log elaborate.log 
Using 2 slave threads.
Starting static elaboration
Completed static elaboration
Starting simulation data flow analysis
Completed simulation data flow analysis
Time Resolution for simulation is 1ps
Compiling package std.standard
Compiling package std.textio
Compiling package ieee.std_logic_1164
Compiling package ieee.numeric_std
Compiling package xil_defaultlib.lcse_pkg
Compiling package ieee.std_logic_arith
Compiling package ieee.std_logic_unsigned
Compiling architecture behavioral of entity xil_defaultlib.DMA2 [dma2_default]
Compiling architecture behavioral of entity xil_defaultlib.MUX [mux_default]
Compiling architecture behavior of entity xil_defaultlib.ram [ram_default]
Compiling architecture tb of entity xil_defaultlib.tb_dma2
Built simulation snapshot tb_DMA2_behav
INFO: [USF-XSim-69] 'elaborate' step finished in '3' seconds
Vivado Simulator 2020.1
Time resolution is 1 ps
relaunch_sim: Time (s): cpu = 00:00:01 ; elapsed = 00:00:08 . Memory (MB): peak = 1035.066 ; gain = 0.000
relaunch_sim
Command: launch_simulation -simset sim_1 -mode behavioral
INFO: [Vivado 12-5682] Launching behavioral simulation in 'D:/OneDrive/Documentos/Universidad/LCSE/LSCE_EXP/LSCE_EXP.sim/sim_1/behav/xsim'
INFO: [SIM-utils-51] Simulation object is 'sim_1'
INFO: [SIM-utils-54] Inspecting design source files for 'tb_DMA2' in fileset 'sim_1'...
INFO: [USF-XSim-97] Finding global include files...
INFO: [USF-XSim-98] Fetching design files from 'sim_1'...
INFO: [USF-XSim-2] XSim::Compile design
INFO: [USF-XSim-61] Executing 'COMPILE and ANALYZE' step in 'D:/OneDrive/Documentos/Universidad/LCSE/LSCE_EXP/LSCE_EXP.sim/sim_1/behav/xsim'
"xvhdl --incr --relax -prj tb_DMA2_vhdl.prj"
INFO: [VRFC 10-163] Analyzing VHDL file "D:/OneDrive/Documentos/Universidad/LCSE/LSCE_EXP/src/desing/DMA2.vhd" into library xil_defaultlib
INFO: [VRFC 10-3107] analyzing entity 'DMA2'
INFO: [USF-XSim-69] 'compile' step finished in '2' seconds
Command: launch_simulation -simset sim_1 -mode behavioral
INFO: [Vivado 12-5682] Launching behavioral simulation in 'D:/OneDrive/Documentos/Universidad/LCSE/LSCE_EXP/LSCE_EXP.sim/sim_1/behav/xsim'
INFO: [USF-XSim-3] XSim::Elaborate design
INFO: [USF-XSim-61] Executing 'ELABORATE' step in 'D:/OneDrive/Documentos/Universidad/LCSE/LSCE_EXP/LSCE_EXP.sim/sim_1/behav/xsim'
"xelab -wto 6653a2e3d4c74425874ee74ab689e1db --incr --debug typical --relax --mt 2 -L xil_defaultlib -L secureip --snapshot tb_DMA2_behav xil_defaultlib.tb_DMA2 -log elaborate.log"
Vivado Simulator 2020.1
Copyright 1986-1999, 2001-2020 Xilinx, Inc. All Rights Reserved.
Running: D:/Xilinx/Vivado/2020.1/bin/unwrapped/win64.o/xelab.exe -wto 6653a2e3d4c74425874ee74ab689e1db --incr --debug typical --relax --mt 2 -L xil_defaultlib -L secureip --snapshot tb_DMA2_behav xil_defaultlib.tb_DMA2 -log elaborate.log 
Using 2 slave threads.
Starting static elaboration
Completed static elaboration
Starting simulation data flow analysis
Completed simulation data flow analysis
Time Resolution for simulation is 1ps
Compiling package std.standard
Compiling package std.textio
Compiling package ieee.std_logic_1164
Compiling package ieee.numeric_std
Compiling package xil_defaultlib.lcse_pkg
Compiling package ieee.std_logic_arith
Compiling package ieee.std_logic_unsigned
Compiling architecture behavioral of entity xil_defaultlib.DMA2 [dma2_default]
Compiling architecture behavioral of entity xil_defaultlib.MUX [mux_default]
Compiling architecture behavior of entity xil_defaultlib.ram [ram_default]
Compiling architecture tb of entity xil_defaultlib.tb_dma2
Built simulation snapshot tb_DMA2_behav
INFO: [USF-XSim-69] 'elaborate' step finished in '3' seconds
Vivado Simulator 2020.1
Time resolution is 1 ps
relaunch_sim: Time (s): cpu = 00:00:01 ; elapsed = 00:00:08 . Memory (MB): peak = 1035.066 ; gain = 0.000
restart
INFO: [Simtcl 6-17] Simulation restarted
run 300 ns
run 300 ns
relaunch_sim
Command: launch_simulation -simset sim_1 -mode behavioral
INFO: [Vivado 12-5682] Launching behavioral simulation in 'D:/OneDrive/Documentos/Universidad/LCSE/LSCE_EXP/LSCE_EXP.sim/sim_1/behav/xsim'
INFO: [SIM-utils-51] Simulation object is 'sim_1'
INFO: [SIM-utils-54] Inspecting design source files for 'tb_DMA2' in fileset 'sim_1'...
INFO: [USF-XSim-97] Finding global include files...
INFO: [USF-XSim-98] Fetching design files from 'sim_1'...
INFO: [USF-XSim-2] XSim::Compile design
INFO: [USF-XSim-61] Executing 'COMPILE and ANALYZE' step in 'D:/OneDrive/Documentos/Universidad/LCSE/LSCE_EXP/LSCE_EXP.sim/sim_1/behav/xsim'
"xvhdl --incr --relax -prj tb_DMA2_vhdl.prj"
INFO: [VRFC 10-163] Analyzing VHDL file "D:/OneDrive/Documentos/Universidad/LCSE/LSCE_EXP/src/desing/DMA2.vhd" into library xil_defaultlib
INFO: [VRFC 10-3107] analyzing entity 'DMA2'
INFO: [USF-XSim-69] 'compile' step finished in '2' seconds
Command: launch_simulation -simset sim_1 -mode behavioral
INFO: [Vivado 12-5682] Launching behavioral simulation in 'D:/OneDrive/Documentos/Universidad/LCSE/LSCE_EXP/LSCE_EXP.sim/sim_1/behav/xsim'
INFO: [USF-XSim-3] XSim::Elaborate design
INFO: [USF-XSim-61] Executing 'ELABORATE' step in 'D:/OneDrive/Documentos/Universidad/LCSE/LSCE_EXP/LSCE_EXP.sim/sim_1/behav/xsim'
"xelab -wto 6653a2e3d4c74425874ee74ab689e1db --incr --debug typical --relax --mt 2 -L xil_defaultlib -L secureip --snapshot tb_DMA2_behav xil_defaultlib.tb_DMA2 -log elaborate.log"
Vivado Simulator 2020.1
Copyright 1986-1999, 2001-2020 Xilinx, Inc. All Rights Reserved.
Running: D:/Xilinx/Vivado/2020.1/bin/unwrapped/win64.o/xelab.exe -wto 6653a2e3d4c74425874ee74ab689e1db --incr --debug typical --relax --mt 2 -L xil_defaultlib -L secureip --snapshot tb_DMA2_behav xil_defaultlib.tb_DMA2 -log elaborate.log 
Using 2 slave threads.
Starting static elaboration
Completed static elaboration
Starting simulation data flow analysis
Completed simulation data flow analysis
Time Resolution for simulation is 1ps
Compiling package std.standard
Compiling package std.textio
Compiling package ieee.std_logic_1164
Compiling package ieee.numeric_std
Compiling package xil_defaultlib.lcse_pkg
Compiling package ieee.std_logic_arith
Compiling package ieee.std_logic_unsigned
Compiling architecture behavioral of entity xil_defaultlib.DMA2 [dma2_default]
Compiling architecture behavioral of entity xil_defaultlib.MUX [mux_default]
Compiling architecture behavior of entity xil_defaultlib.ram [ram_default]
Compiling architecture tb of entity xil_defaultlib.tb_dma2
Built simulation snapshot tb_DMA2_behav
INFO: [USF-XSim-69] 'elaborate' step finished in '3' seconds
Vivado Simulator 2020.1
Time resolution is 1 ps
relaunch_sim: Time (s): cpu = 00:00:01 ; elapsed = 00:00:08 . Memory (MB): peak = 1035.066 ; gain = 0.000
relaunch_sim
Command: launch_simulation -simset sim_1 -mode behavioral
INFO: [Vivado 12-5682] Launching behavioral simulation in 'D:/OneDrive/Documentos/Universidad/LCSE/LSCE_EXP/LSCE_EXP.sim/sim_1/behav/xsim'
INFO: [SIM-utils-51] Simulation object is 'sim_1'
INFO: [SIM-utils-54] Inspecting design source files for 'tb_DMA2' in fileset 'sim_1'...
INFO: [USF-XSim-97] Finding global include files...
INFO: [USF-XSim-98] Fetching design files from 'sim_1'...
INFO: [USF-XSim-2] XSim::Compile design
INFO: [USF-XSim-61] Executing 'COMPILE and ANALYZE' step in 'D:/OneDrive/Documentos/Universidad/LCSE/LSCE_EXP/LSCE_EXP.sim/sim_1/behav/xsim'
"xvhdl --incr --relax -prj tb_DMA2_vhdl.prj"
INFO: [VRFC 10-163] Analyzing VHDL file "D:/OneDrive/Documentos/Universidad/LCSE/LSCE_EXP/src/desing/DMA2.vhd" into library xil_defaultlib
INFO: [VRFC 10-3107] analyzing entity 'DMA2'
INFO: [USF-XSim-69] 'compile' step finished in '2' seconds
Command: launch_simulation -simset sim_1 -mode behavioral
INFO: [Vivado 12-5682] Launching behavioral simulation in 'D:/OneDrive/Documentos/Universidad/LCSE/LSCE_EXP/LSCE_EXP.sim/sim_1/behav/xsim'
INFO: [USF-XSim-3] XSim::Elaborate design
INFO: [USF-XSim-61] Executing 'ELABORATE' step in 'D:/OneDrive/Documentos/Universidad/LCSE/LSCE_EXP/LSCE_EXP.sim/sim_1/behav/xsim'
"xelab -wto 6653a2e3d4c74425874ee74ab689e1db --incr --debug typical --relax --mt 2 -L xil_defaultlib -L secureip --snapshot tb_DMA2_behav xil_defaultlib.tb_DMA2 -log elaborate.log"
Vivado Simulator 2020.1
Copyright 1986-1999, 2001-2020 Xilinx, Inc. All Rights Reserved.
Running: D:/Xilinx/Vivado/2020.1/bin/unwrapped/win64.o/xelab.exe -wto 6653a2e3d4c74425874ee74ab689e1db --incr --debug typical --relax --mt 2 -L xil_defaultlib -L secureip --snapshot tb_DMA2_behav xil_defaultlib.tb_DMA2 -log elaborate.log 
Using 2 slave threads.
Starting static elaboration
Completed static elaboration
Starting simulation data flow analysis
Completed simulation data flow analysis
Time Resolution for simulation is 1ps
Compiling package std.standard
Compiling package std.textio
Compiling package ieee.std_logic_1164
Compiling package ieee.numeric_std
Compiling package xil_defaultlib.lcse_pkg
Compiling package ieee.std_logic_arith
Compiling package ieee.std_logic_unsigned
Compiling architecture behavioral of entity xil_defaultlib.DMA2 [dma2_default]
Compiling architecture behavioral of entity xil_defaultlib.MUX [mux_default]
Compiling architecture behavior of entity xil_defaultlib.ram [ram_default]
Compiling architecture tb of entity xil_defaultlib.tb_dma2
Built simulation snapshot tb_DMA2_behav
INFO: [USF-XSim-69] 'elaborate' step finished in '2' seconds
Vivado Simulator 2020.1
Time resolution is 1 ps
relaunch_sim: Time (s): cpu = 00:00:02 ; elapsed = 00:00:08 . Memory (MB): peak = 1035.066 ; gain = 0.000
relaunch_sim
Command: launch_simulation -simset sim_1 -mode behavioral
INFO: [Vivado 12-5682] Launching behavioral simulation in 'D:/OneDrive/Documentos/Universidad/LCSE/LSCE_EXP/LSCE_EXP.sim/sim_1/behav/xsim'
INFO: [SIM-utils-51] Simulation object is 'sim_1'
INFO: [SIM-utils-54] Inspecting design source files for 'tb_DMA2' in fileset 'sim_1'...
INFO: [USF-XSim-97] Finding global include files...
INFO: [USF-XSim-98] Fetching design files from 'sim_1'...
INFO: [USF-XSim-2] XSim::Compile design
INFO: [USF-XSim-61] Executing 'COMPILE and ANALYZE' step in 'D:/OneDrive/Documentos/Universidad/LCSE/LSCE_EXP/LSCE_EXP.sim/sim_1/behav/xsim'
"xvhdl --incr --relax -prj tb_DMA2_vhdl.prj"
INFO: [VRFC 10-163] Analyzing VHDL file "D:/OneDrive/Documentos/Universidad/LCSE/LSCE_EXP/src/sim/dma_tb.vhd" into library xil_defaultlib
INFO: [VRFC 10-3107] analyzing entity 'tb_DMA2'
INFO: [USF-XSim-69] 'compile' step finished in '2' seconds
Command: launch_simulation -simset sim_1 -mode behavioral
INFO: [Vivado 12-5682] Launching behavioral simulation in 'D:/OneDrive/Documentos/Universidad/LCSE/LSCE_EXP/LSCE_EXP.sim/sim_1/behav/xsim'
INFO: [USF-XSim-3] XSim::Elaborate design
INFO: [USF-XSim-61] Executing 'ELABORATE' step in 'D:/OneDrive/Documentos/Universidad/LCSE/LSCE_EXP/LSCE_EXP.sim/sim_1/behav/xsim'
"xelab -wto 6653a2e3d4c74425874ee74ab689e1db --incr --debug typical --relax --mt 2 -L xil_defaultlib -L secureip --snapshot tb_DMA2_behav xil_defaultlib.tb_DMA2 -log elaborate.log"
Vivado Simulator 2020.1
Copyright 1986-1999, 2001-2020 Xilinx, Inc. All Rights Reserved.
Running: D:/Xilinx/Vivado/2020.1/bin/unwrapped/win64.o/xelab.exe -wto 6653a2e3d4c74425874ee74ab689e1db --incr --debug typical --relax --mt 2 -L xil_defaultlib -L secureip --snapshot tb_DMA2_behav xil_defaultlib.tb_DMA2 -log elaborate.log 
Using 2 slave threads.
Starting static elaboration
Completed static elaboration
Starting simulation data flow analysis
Completed simulation data flow analysis
Time Resolution for simulation is 1ps
Compiling package std.standard
Compiling package std.textio
Compiling package ieee.std_logic_1164
Compiling package ieee.numeric_std
Compiling package xil_defaultlib.lcse_pkg
Compiling package ieee.std_logic_arith
Compiling package ieee.std_logic_unsigned
Compiling architecture behavioral of entity xil_defaultlib.DMA2 [dma2_default]
Compiling architecture behavioral of entity xil_defaultlib.MUX [mux_default]
Compiling architecture behavior of entity xil_defaultlib.ram [ram_default]
Compiling architecture tb of entity xil_defaultlib.tb_dma2
Built simulation snapshot tb_DMA2_behav
INFO: [USF-XSim-69] 'elaborate' step finished in '3' seconds
Vivado Simulator 2020.1
Time resolution is 1 ps
relaunch_sim: Time (s): cpu = 00:00:01 ; elapsed = 00:00:08 . Memory (MB): peak = 1035.066 ; gain = 0.000
relaunch_sim
Command: launch_simulation -simset sim_1 -mode behavioral
INFO: [Vivado 12-5682] Launching behavioral simulation in 'D:/OneDrive/Documentos/Universidad/LCSE/LSCE_EXP/LSCE_EXP.sim/sim_1/behav/xsim'
INFO: [SIM-utils-51] Simulation object is 'sim_1'
INFO: [SIM-utils-54] Inspecting design source files for 'tb_DMA2' in fileset 'sim_1'...
INFO: [USF-XSim-97] Finding global include files...
INFO: [USF-XSim-98] Fetching design files from 'sim_1'...
INFO: [USF-XSim-2] XSim::Compile design
INFO: [USF-XSim-61] Executing 'COMPILE and ANALYZE' step in 'D:/OneDrive/Documentos/Universidad/LCSE/LSCE_EXP/LSCE_EXP.sim/sim_1/behav/xsim'
"xvhdl --incr --relax -prj tb_DMA2_vhdl.prj"
INFO: [VRFC 10-163] Analyzing VHDL file "D:/OneDrive/Documentos/Universidad/LCSE/LSCE_EXP/src/desing/DMA2.vhd" into library xil_defaultlib
INFO: [VRFC 10-3107] analyzing entity 'DMA2'
INFO: [USF-XSim-69] 'compile' step finished in '2' seconds
Command: launch_simulation -simset sim_1 -mode behavioral
INFO: [Vivado 12-5682] Launching behavioral simulation in 'D:/OneDrive/Documentos/Universidad/LCSE/LSCE_EXP/LSCE_EXP.sim/sim_1/behav/xsim'
INFO: [USF-XSim-3] XSim::Elaborate design
INFO: [USF-XSim-61] Executing 'ELABORATE' step in 'D:/OneDrive/Documentos/Universidad/LCSE/LSCE_EXP/LSCE_EXP.sim/sim_1/behav/xsim'
"xelab -wto 6653a2e3d4c74425874ee74ab689e1db --incr --debug typical --relax --mt 2 -L xil_defaultlib -L secureip --snapshot tb_DMA2_behav xil_defaultlib.tb_DMA2 -log elaborate.log"
Vivado Simulator 2020.1
Copyright 1986-1999, 2001-2020 Xilinx, Inc. All Rights Reserved.
Running: D:/Xilinx/Vivado/2020.1/bin/unwrapped/win64.o/xelab.exe -wto 6653a2e3d4c74425874ee74ab689e1db --incr --debug typical --relax --mt 2 -L xil_defaultlib -L secureip --snapshot tb_DMA2_behav xil_defaultlib.tb_DMA2 -log elaborate.log 
Using 2 slave threads.
Starting static elaboration
Completed static elaboration
Starting simulation data flow analysis
Completed simulation data flow analysis
Time Resolution for simulation is 1ps
Compiling package std.standard
Compiling package std.textio
Compiling package ieee.std_logic_1164
Compiling package ieee.numeric_std
Compiling package xil_defaultlib.lcse_pkg
Compiling package ieee.std_logic_arith
Compiling package ieee.std_logic_unsigned
Compiling architecture behavioral of entity xil_defaultlib.DMA2 [dma2_default]
Compiling architecture behavioral of entity xil_defaultlib.MUX [mux_default]
Compiling architecture behavior of entity xil_defaultlib.ram [ram_default]
Compiling architecture tb of entity xil_defaultlib.tb_dma2
Built simulation snapshot tb_DMA2_behav
INFO: [USF-XSim-69] 'elaborate' step finished in '3' seconds
Vivado Simulator 2020.1
Time resolution is 1 ps
relaunch_sim: Time (s): cpu = 00:00:01 ; elapsed = 00:00:08 . Memory (MB): peak = 1035.066 ; gain = 0.000
relaunch_sim
Command: launch_simulation -simset sim_1 -mode behavioral
INFO: [Vivado 12-5682] Launching behavioral simulation in 'D:/OneDrive/Documentos/Universidad/LCSE/LSCE_EXP/LSCE_EXP.sim/sim_1/behav/xsim'
INFO: [SIM-utils-51] Simulation object is 'sim_1'
INFO: [SIM-utils-54] Inspecting design source files for 'tb_DMA2' in fileset 'sim_1'...
INFO: [USF-XSim-97] Finding global include files...
INFO: [USF-XSim-98] Fetching design files from 'sim_1'...
INFO: [USF-XSim-2] XSim::Compile design
INFO: [USF-XSim-61] Executing 'COMPILE and ANALYZE' step in 'D:/OneDrive/Documentos/Universidad/LCSE/LSCE_EXP/LSCE_EXP.sim/sim_1/behav/xsim'
"xvhdl --incr --relax -prj tb_DMA2_vhdl.prj"
INFO: [VRFC 10-163] Analyzing VHDL file "D:/OneDrive/Documentos/Universidad/LCSE/LSCE_EXP/src/desing/DMA2.vhd" into library xil_defaultlib
INFO: [VRFC 10-3107] analyzing entity 'DMA2'
INFO: [USF-XSim-69] 'compile' step finished in '2' seconds
Command: launch_simulation -simset sim_1 -mode behavioral
INFO: [Vivado 12-5682] Launching behavioral simulation in 'D:/OneDrive/Documentos/Universidad/LCSE/LSCE_EXP/LSCE_EXP.sim/sim_1/behav/xsim'
INFO: [USF-XSim-3] XSim::Elaborate design
INFO: [USF-XSim-61] Executing 'ELABORATE' step in 'D:/OneDrive/Documentos/Universidad/LCSE/LSCE_EXP/LSCE_EXP.sim/sim_1/behav/xsim'
"xelab -wto 6653a2e3d4c74425874ee74ab689e1db --incr --debug typical --relax --mt 2 -L xil_defaultlib -L secureip --snapshot tb_DMA2_behav xil_defaultlib.tb_DMA2 -log elaborate.log"
Vivado Simulator 2020.1
Copyright 1986-1999, 2001-2020 Xilinx, Inc. All Rights Reserved.
Running: D:/Xilinx/Vivado/2020.1/bin/unwrapped/win64.o/xelab.exe -wto 6653a2e3d4c74425874ee74ab689e1db --incr --debug typical --relax --mt 2 -L xil_defaultlib -L secureip --snapshot tb_DMA2_behav xil_defaultlib.tb_DMA2 -log elaborate.log 
Using 2 slave threads.
Starting static elaboration
Completed static elaboration
Starting simulation data flow analysis
Completed simulation data flow analysis
Time Resolution for simulation is 1ps
Compiling package std.standard
Compiling package std.textio
Compiling package ieee.std_logic_1164
Compiling package ieee.numeric_std
Compiling package xil_defaultlib.lcse_pkg
Compiling package ieee.std_logic_arith
Compiling package ieee.std_logic_unsigned
Compiling architecture behavioral of entity xil_defaultlib.DMA2 [dma2_default]
Compiling architecture behavioral of entity xil_defaultlib.MUX [mux_default]
Compiling architecture behavior of entity xil_defaultlib.ram [ram_default]
Compiling architecture tb of entity xil_defaultlib.tb_dma2
Built simulation snapshot tb_DMA2_behav
INFO: [USF-XSim-69] 'elaborate' step finished in '3' seconds
Vivado Simulator 2020.1
Time resolution is 1 ps
relaunch_sim: Time (s): cpu = 00:00:02 ; elapsed = 00:00:08 . Memory (MB): peak = 1035.066 ; gain = 0.000
relaunch_sim
Command: launch_simulation -simset sim_1 -mode behavioral
INFO: [Vivado 12-5682] Launching behavioral simulation in 'D:/OneDrive/Documentos/Universidad/LCSE/LSCE_EXP/LSCE_EXP.sim/sim_1/behav/xsim'
INFO: [SIM-utils-51] Simulation object is 'sim_1'
INFO: [SIM-utils-54] Inspecting design source files for 'tb_DMA2' in fileset 'sim_1'...
INFO: [USF-XSim-97] Finding global include files...
INFO: [USF-XSim-98] Fetching design files from 'sim_1'...
INFO: [USF-XSim-2] XSim::Compile design
INFO: [USF-XSim-61] Executing 'COMPILE and ANALYZE' step in 'D:/OneDrive/Documentos/Universidad/LCSE/LSCE_EXP/LSCE_EXP.sim/sim_1/behav/xsim'
"xvhdl --incr --relax -prj tb_DMA2_vhdl.prj"
INFO: [VRFC 10-163] Analyzing VHDL file "D:/OneDrive/Documentos/Universidad/LCSE/LSCE_EXP/src/sim/dma_tb.vhd" into library xil_defaultlib
INFO: [VRFC 10-3107] analyzing entity 'tb_DMA2'
INFO: [USF-XSim-69] 'compile' step finished in '2' seconds
Command: launch_simulation -simset sim_1 -mode behavioral
INFO: [Vivado 12-5682] Launching behavioral simulation in 'D:/OneDrive/Documentos/Universidad/LCSE/LSCE_EXP/LSCE_EXP.sim/sim_1/behav/xsim'
INFO: [USF-XSim-3] XSim::Elaborate design
INFO: [USF-XSim-61] Executing 'ELABORATE' step in 'D:/OneDrive/Documentos/Universidad/LCSE/LSCE_EXP/LSCE_EXP.sim/sim_1/behav/xsim'
"xelab -wto 6653a2e3d4c74425874ee74ab689e1db --incr --debug typical --relax --mt 2 -L xil_defaultlib -L secureip --snapshot tb_DMA2_behav xil_defaultlib.tb_DMA2 -log elaborate.log"
Vivado Simulator 2020.1
Copyright 1986-1999, 2001-2020 Xilinx, Inc. All Rights Reserved.
Running: D:/Xilinx/Vivado/2020.1/bin/unwrapped/win64.o/xelab.exe -wto 6653a2e3d4c74425874ee74ab689e1db --incr --debug typical --relax --mt 2 -L xil_defaultlib -L secureip --snapshot tb_DMA2_behav xil_defaultlib.tb_DMA2 -log elaborate.log 
Using 2 slave threads.
Starting static elaboration
Completed static elaboration
Starting simulation data flow analysis
Completed simulation data flow analysis
Time Resolution for simulation is 1ps
Compiling package std.standard
Compiling package std.textio
Compiling package ieee.std_logic_1164
Compiling package ieee.numeric_std
Compiling package xil_defaultlib.lcse_pkg
Compiling package ieee.std_logic_arith
Compiling package ieee.std_logic_unsigned
Compiling architecture behavioral of entity xil_defaultlib.DMA2 [dma2_default]
Compiling architecture behavioral of entity xil_defaultlib.MUX [mux_default]
Compiling architecture behavior of entity xil_defaultlib.ram [ram_default]
Compiling architecture tb of entity xil_defaultlib.tb_dma2
Built simulation snapshot tb_DMA2_behav
INFO: [USF-XSim-69] 'elaborate' step finished in '3' seconds
Vivado Simulator 2020.1
Time resolution is 1 ps
relaunch_sim: Time (s): cpu = 00:00:01 ; elapsed = 00:00:08 . Memory (MB): peak = 1035.066 ; gain = 0.000
relaunch_sim
Command: launch_simulation -simset sim_1 -mode behavioral
INFO: [Vivado 12-5682] Launching behavioral simulation in 'D:/OneDrive/Documentos/Universidad/LCSE/LSCE_EXP/LSCE_EXP.sim/sim_1/behav/xsim'
INFO: [SIM-utils-51] Simulation object is 'sim_1'
INFO: [SIM-utils-54] Inspecting design source files for 'tb_DMA2' in fileset 'sim_1'...
INFO: [USF-XSim-97] Finding global include files...
INFO: [USF-XSim-98] Fetching design files from 'sim_1'...
INFO: [USF-XSim-2] XSim::Compile design
INFO: [USF-XSim-61] Executing 'COMPILE and ANALYZE' step in 'D:/OneDrive/Documentos/Universidad/LCSE/LSCE_EXP/LSCE_EXP.sim/sim_1/behav/xsim'
"xvhdl --incr --relax -prj tb_DMA2_vhdl.prj"
INFO: [VRFC 10-163] Analyzing VHDL file "D:/OneDrive/Documentos/Universidad/LCSE/LSCE_EXP/src/desing/RAM.vhd" into library xil_defaultlib
INFO: [VRFC 10-3107] analyzing entity 'ram'
INFO: [USF-XSim-69] 'compile' step finished in '2' seconds
Command: launch_simulation -simset sim_1 -mode behavioral
INFO: [Vivado 12-5682] Launching behavioral simulation in 'D:/OneDrive/Documentos/Universidad/LCSE/LSCE_EXP/LSCE_EXP.sim/sim_1/behav/xsim'
INFO: [USF-XSim-3] XSim::Elaborate design
INFO: [USF-XSim-61] Executing 'ELABORATE' step in 'D:/OneDrive/Documentos/Universidad/LCSE/LSCE_EXP/LSCE_EXP.sim/sim_1/behav/xsim'
"xelab -wto 6653a2e3d4c74425874ee74ab689e1db --incr --debug typical --relax --mt 2 -L xil_defaultlib -L secureip --snapshot tb_DMA2_behav xil_defaultlib.tb_DMA2 -log elaborate.log"
Vivado Simulator 2020.1
Copyright 1986-1999, 2001-2020 Xilinx, Inc. All Rights Reserved.
Running: D:/Xilinx/Vivado/2020.1/bin/unwrapped/win64.o/xelab.exe -wto 6653a2e3d4c74425874ee74ab689e1db --incr --debug typical --relax --mt 2 -L xil_defaultlib -L secureip --snapshot tb_DMA2_behav xil_defaultlib.tb_DMA2 -log elaborate.log 
Using 2 slave threads.
Starting static elaboration
Completed static elaboration
Starting simulation data flow analysis
Completed simulation data flow analysis
Time Resolution for simulation is 1ps
Compiling package std.standard
Compiling package std.textio
Compiling package ieee.std_logic_1164
Compiling package ieee.numeric_std
Compiling package xil_defaultlib.lcse_pkg
Compiling package ieee.std_logic_arith
Compiling package ieee.std_logic_unsigned
Compiling architecture behavioral of entity xil_defaultlib.DMA2 [dma2_default]
Compiling architecture behavioral of entity xil_defaultlib.MUX [mux_default]
Compiling architecture behavior of entity xil_defaultlib.ram [ram_default]
Compiling architecture tb of entity xil_defaultlib.tb_dma2
Built simulation snapshot tb_DMA2_behav
INFO: [USF-XSim-69] 'elaborate' step finished in '2' seconds
Vivado Simulator 2020.1
Time resolution is 1 ps
relaunch_sim: Time (s): cpu = 00:00:01 ; elapsed = 00:00:08 . Memory (MB): peak = 1035.066 ; gain = 0.000
relaunch_sim
Command: launch_simulation -simset sim_1 -mode behavioral
INFO: [Vivado 12-5682] Launching behavioral simulation in 'D:/OneDrive/Documentos/Universidad/LCSE/LSCE_EXP/LSCE_EXP.sim/sim_1/behav/xsim'
INFO: [SIM-utils-51] Simulation object is 'sim_1'
INFO: [SIM-utils-54] Inspecting design source files for 'tb_DMA2' in fileset 'sim_1'...
INFO: [USF-XSim-97] Finding global include files...
INFO: [USF-XSim-98] Fetching design files from 'sim_1'...
INFO: [USF-XSim-2] XSim::Compile design
INFO: [USF-XSim-61] Executing 'COMPILE and ANALYZE' step in 'D:/OneDrive/Documentos/Universidad/LCSE/LSCE_EXP/LSCE_EXP.sim/sim_1/behav/xsim'
"xvhdl --incr --relax -prj tb_DMA2_vhdl.prj"
INFO: [VRFC 10-163] Analyzing VHDL file "D:/OneDrive/Documentos/Universidad/LCSE/LSCE_EXP/src/desing/RAM.vhd" into library xil_defaultlib
INFO: [VRFC 10-3107] analyzing entity 'ram'
INFO: [USF-XSim-69] 'compile' step finished in '2' seconds
Command: launch_simulation -simset sim_1 -mode behavioral
INFO: [Vivado 12-5682] Launching behavioral simulation in 'D:/OneDrive/Documentos/Universidad/LCSE/LSCE_EXP/LSCE_EXP.sim/sim_1/behav/xsim'
INFO: [USF-XSim-3] XSim::Elaborate design
INFO: [USF-XSim-61] Executing 'ELABORATE' step in 'D:/OneDrive/Documentos/Universidad/LCSE/LSCE_EXP/LSCE_EXP.sim/sim_1/behav/xsim'
"xelab -wto 6653a2e3d4c74425874ee74ab689e1db --incr --debug typical --relax --mt 2 -L xil_defaultlib -L secureip --snapshot tb_DMA2_behav xil_defaultlib.tb_DMA2 -log elaborate.log"
Vivado Simulator 2020.1
Copyright 1986-1999, 2001-2020 Xilinx, Inc. All Rights Reserved.
Running: D:/Xilinx/Vivado/2020.1/bin/unwrapped/win64.o/xelab.exe -wto 6653a2e3d4c74425874ee74ab689e1db --incr --debug typical --relax --mt 2 -L xil_defaultlib -L secureip --snapshot tb_DMA2_behav xil_defaultlib.tb_DMA2 -log elaborate.log 
Using 2 slave threads.
Starting static elaboration
Completed static elaboration
Starting simulation data flow analysis
Completed simulation data flow analysis
Time Resolution for simulation is 1ps
Compiling package std.standard
Compiling package std.textio
Compiling package ieee.std_logic_1164
Compiling package ieee.numeric_std
Compiling package xil_defaultlib.lcse_pkg
Compiling package ieee.std_logic_arith
Compiling package ieee.std_logic_unsigned
Compiling architecture behavioral of entity xil_defaultlib.DMA2 [dma2_default]
Compiling architecture behavioral of entity xil_defaultlib.MUX [mux_default]
Compiling architecture behavior of entity xil_defaultlib.ram [ram_default]
Compiling architecture tb of entity xil_defaultlib.tb_dma2
Built simulation snapshot tb_DMA2_behav
INFO: [USF-XSim-69] 'elaborate' step finished in '3' seconds
Vivado Simulator 2020.1
Time resolution is 1 ps
relaunch_sim: Time (s): cpu = 00:00:01 ; elapsed = 00:00:08 . Memory (MB): peak = 1035.066 ; gain = 0.000
save_wave_config {D:/OneDrive/Documentos/Universidad/LCSE/LSCE_EXP/src/sim/tb_DMA2_behav.wcfg}
close_sim
INFO: [Simtcl 6-16] Simulation closed
exit
INFO: [Common 17-206] Exiting Vivado at Fri Oct 16 11:40:13 2020...
