#-----------------------------------------------------------
# Vivado v2020.1 (64-bit)
# SW Build 2902540 on Wed May 27 19:54:49 MDT 2020
# IP Build 2902112 on Wed May 27 22:43:36 MDT 2020
# Start of session at: Fri Oct 16 10:03:45 2020
# Process ID: 25432
# Current directory: D:/OneDrive/Documentos/Universidad/LCSE/LSCE_EXP
# Command line: vivado.exe -gui_launcher_event rodinguilauncherevent20568 D:\OneDrive\Documentos\Universidad\LCSE\LSCE_EXP\LSCE_EXP.xpr
# Log file: D:/OneDrive/Documentos/Universidad/LCSE/LSCE_EXP/vivado.log
# Journal file: D:/OneDrive/Documentos/Universidad/LCSE/LSCE_EXP\vivado.jou
#-----------------------------------------------------------
start_gui
open_project D:/OneDrive/Documentos/Universidad/LCSE/LSCE_EXP/LSCE_EXP.xpr
INFO: [Project 1-313] Project file moved from 'D:/OneDrive/Documentos/Universidad/LCSE/entregas/LSCE_EXP' since last save.
Scanning sources...
Finished scanning sources
WARNING: [filemgmt 56-2] Default IP Output Path : Could not find the directory 'D:/OneDrive/Documentos/Universidad/LCSE/LSCE_EXP/LSCE_EXP.srcs/sources_1', nor could it be found using path 'D:/OneDrive/Documentos/Universidad/LCSE/entregas/LSCE_EXP/LSCE_EXP.srcs/sources_1'.
INFO: [IP_Flow 19-234] Refreshing IP repositories
INFO: [IP_Flow 19-1704] No user IP repositories specified
INFO: [IP_Flow 19-2313] Loaded Vivado IP repository 'D:/Xilinx/Vivado/2020.1/data/ip'.
open_project: Time (s): cpu = 00:00:17 ; elapsed = 00:00:18 . Memory (MB): peak = 1008.859 ; gain = 0.000
add_files -norecurse {D:/OneDrive/Documentos/Universidad/LCSE/LSCE_EXP/src/desing/RAM.vhd D:/OneDrive/Documentos/Universidad/LCSE/LSCE_EXP/src/desing/DMA2.vhd D:/OneDrive/Documentos/Universidad/LCSE/LSCE_EXP/src/desing/pEncoder.vhd}
update_compile_order -fileset sources_1
update_compile_order -fileset sources_1
set_property SOURCE_SET sources_1 [get_filesets sim_1]
add_files -fileset sim_1 -norecurse D:/OneDrive/Documentos/Universidad/LCSE/LSCE_EXP/src/sim/tb_DMA2_behav.wcfg
add_files -fileset sim_1 -norecurse D:/OneDrive/Documentos/Universidad/LCSE/LSCE_EXP/src/sim/dma_tb.vhd
update_compile_order -fileset sim_1
update_compile_order -fileset sim_1
exit
INFO: [Common 17-206] Exiting Vivado at Fri Oct 16 10:10:22 2020...
